2020-03-29 13:49:05 [main] pkg.Main.main()
ERROR: This is an ERROR message
2020-03-29 13:49:05 [main] pkg.Main.main()
ERROR: Something is wrong: java.lang.RuntimeException: Oops
	at pkg.Main.main(Main.java:14)
	at java.base/jdk.internal.reflect.NativeMethodAccessorImpl.invoke0(Native Method)
	at java.base/jdk.internal.reflect.NativeMethodAccessorImpl.invoke(NativeMethodAccessorImpl.java:62)
	at java.base/jdk.internal.reflect.DelegatingMethodAccessorImpl.invoke(DelegatingMethodAccessorImpl.java:43)
	at java.base/java.lang.reflect.Method.invoke(Method.java:567)
	at com.intellij.rt.execution.application.AppMainV2.main(AppMainV2.java:131)
2020-03-29 13:49:44 [main] pkg.Main.main()
ERROR: This is an ERROR message
2020-03-29 13:49:44 [main] pkg.Main.main()
ERROR: Something is wrong: java.lang.RuntimeException: Oops
	at pkg.Main.main(Main.java:14)
	at java.base/jdk.internal.reflect.NativeMethodAccessorImpl.invoke0(Native Method)
	at java.base/jdk.internal.reflect.NativeMethodAccessorImpl.invoke(NativeMethodAccessorImpl.java:62)
	at java.base/jdk.internal.reflect.DelegatingMethodAccessorImpl.invoke(DelegatingMethodAccessorImpl.java:43)
	at java.base/java.lang.reflect.Method.invoke(Method.java:567)
	at com.intellij.rt.execution.application.AppMainV2.main(AppMainV2.java:131)
